2026-03-29 15:16:24,401 ERROR Failed to send OTP email: [SSL: CERTIFICATE_VERIFY_FAILED] certificate verify failed: unable to get local issuer certificate (_ssl.c:1077)
2026-03-29 21:29:03,449 ERROR Internal Server Error: /users/
Traceback (most recent call last):
  File "/Library/Frameworks/Python.framework/Versions/3.14/lib/python3.14/site-packages/django/template/base.py", line 505, in parse
    compile_func = self.tags[command]
                   ~~~~~~~~~^^^^^^^^^
KeyError: 'endfor'

During handling of the above exception, another exception occurred:

Traceback (most recent call last):
  File "/Library/Frameworks/Python.framework/Versions/3.14/lib/python3.14/site-packages/django/core/handlers/exception.py", line 55, in inner
    response = get_response(request)
  File "/Library/Frameworks/Python.framework/Versions/3.14/lib/python3.14/site-packages/django/core/handlers/base.py", line 197, in _get_response
    response = wrapped_callback(request, *callback_args, **callback_kwargs)
  File "/Library/Frameworks/Python.framework/Versions/3.14/lib/python3.14/site-packages/django/contrib/auth/decorators.py", line 23, in _wrapper_view
    return view_func(request, *args, **kwargs)
  File "/Users/punith/Downloads/ocnwvs/pos/views.py", line 67, in inner
    return view_fn(request, *args, **kwargs)
  File "/Users/punith/Downloads/ocnwvs/pos/views.py", line 367, in user_management
    return render(request, 'pos/users.html', {'users': users, 'stores': stores, 'profile': profile})
  File "/Library/Frameworks/Python.framework/Versions/3.14/lib/python3.14/site-packages/django/shortcuts.py", line 24, in render
    content = loader.render_to_string(template_name, context, request, using=using)
  File "/Library/Frameworks/Python.framework/Versions/3.14/lib/python3.14/site-packages/django/template/loader.py", line 61, in render_to_string
    template = get_template(template_name, using=using)
  File "/Library/Frameworks/Python.framework/Versions/3.14/lib/python3.14/site-packages/django/template/loader.py", line 15, in get_template
    return engine.get_template(template_name)
           ~~~~~~~~~~~~~~~~~~~^^^^^^^^^^^^^^^
  File "/Library/Frameworks/Python.framework/Versions/3.14/lib/python3.14/site-packages/django/template/backends/django.py", line 33, in get_template
    return Template(self.engine.get_template(template_name), self)
                    ~~~~~~~~~~~~~~~~~~~~~~~~^^^^^^^^^^^^^^^
  File "/Library/Frameworks/Python.framework/Versions/3.14/lib/python3.14/site-packages/django/template/engine.py", line 175, in get_template
    template, origin = self.find_template(template_name)
                       ~~~~~~~~~~~~~~~~~~^^^^^^^^^^^^^^^
  File "/Library/Frameworks/Python.framework/Versions/3.14/lib/python3.14/site-packages/django/template/engine.py", line 157, in find_template
    template = loader.get_template(name, skip=skip)
  File "/Library/Frameworks/Python.framework/Versions/3.14/lib/python3.14/site-packages/django/template/loaders/cached.py", line 57, in get_template
    template = super().get_template(template_name, skip)
  File "/Library/Frameworks/Python.framework/Versions/3.14/lib/python3.14/site-packages/django/template/loaders/base.py", line 28, in get_template
    return Template(
        contents,
    ...<2 lines>...
        self.engine,
    )
  File "/Library/Frameworks/Python.framework/Versions/3.14/lib/python3.14/site-packages/django/template/base.py", line 154, in __init__
    self.nodelist = self.compile_nodelist()
                    ~~~~~~~~~~~~~~~~~~~~~^^
  File "/Library/Frameworks/Python.framework/Versions/3.14/lib/python3.14/site-packages/django/template/base.py", line 200, in compile_nodelist
    return parser.parse()
           ~~~~~~~~~~~~^^
  File "/Library/Frameworks/Python.framework/Versions/3.14/lib/python3.14/site-packages/django/template/base.py", line 513, in parse
    raise self.error(token, e)
  File "/Library/Frameworks/Python.framework/Versions/3.14/lib/python3.14/site-packages/django/template/base.py", line 511, in parse
    compiled_result = compile_func(self, token)
  File "/Library/Frameworks/Python.framework/Versions/3.14/lib/python3.14/site-packages/django/template/loader_tags.py", line 293, in do_extends
    nodelist = parser.parse()
  File "/Library/Frameworks/Python.framework/Versions/3.14/lib/python3.14/site-packages/django/template/base.py", line 513, in parse
    raise self.error(token, e)
  File "/Library/Frameworks/Python.framework/Versions/3.14/lib/python3.14/site-packages/django/template/base.py", line 511, in parse
    compiled_result = compile_func(self, token)
  File "/Library/Frameworks/Python.framework/Versions/3.14/lib/python3.14/site-packages/django/template/loader_tags.py", line 232, in do_block
    nodelist = parser.parse(("endblock",))
  File "/Library/Frameworks/Python.framework/Versions/3.14/lib/python3.14/site-packages/django/template/base.py", line 513, in parse
    raise self.error(token, e)
  File "/Library/Frameworks/Python.framework/Versions/3.14/lib/python3.14/site-packages/django/template/base.py", line 511, in parse
    compiled_result = compile_func(self, token)
  File "/Library/Frameworks/Python.framework/Versions/3.14/lib/python3.14/site-packages/django/template/defaulttags.py", line 853, in do_for
    nodelist_loop = parser.parse(
        (
    ...<2 lines>...
        )
    )
  File "/Library/Frameworks/Python.framework/Versions/3.14/lib/python3.14/site-packages/django/template/base.py", line 513, in parse
    raise self.error(token, e)
  File "/Library/Frameworks/Python.framework/Versions/3.14/lib/python3.14/site-packages/django/template/base.py", line 511, in parse
    compiled_result = compile_func(self, token)
  File "/Library/Frameworks/Python.framework/Versions/3.14/lib/python3.14/site-packages/django/template/defaulttags.py", line 853, in do_for
    nodelist_loop = parser.parse(
        (
    ...<2 lines>...
        )
    )
  File "/Library/Frameworks/Python.framework/Versions/3.14/lib/python3.14/site-packages/django/template/base.py", line 513, in parse
    raise self.error(token, e)
  File "/Library/Frameworks/Python.framework/Versions/3.14/lib/python3.14/site-packages/django/template/base.py", line 511, in parse
    compiled_result = compile_func(self, token)
  File "/Library/Frameworks/Python.framework/Versions/3.14/lib/python3.14/site-packages/django/template/defaulttags.py", line 953, in do_if
    nodelist = parser.parse(("elif", "else", "endif"))
  File "/Library/Frameworks/Python.framework/Versions/3.14/lib/python3.14/site-packages/django/template/base.py", line 507, in parse
    self.invalid_block_tag(token, command, parse_until)
    ~~~~~~~~~~~~~~~~~~~~~~^^^^^^^^^^^^^^^^^^^^^^^^^^^^^
  File "/Library/Frameworks/Python.framework/Versions/3.14/lib/python3.14/site-packages/django/template/base.py", line 558, in invalid_block_tag
    raise self.error(
    ...<8 lines>...
    )
django.template.exceptions.TemplateSyntaxError: Invalid block tag on line 62: 'endfor', expected 'elif', 'else' or 'endif'. Did you forget to register or load this tag?
2026-03-29 21:29:03,454 ERROR "GET /users/ HTTP/1.1" 500 282879
2026-03-29 21:36:34,570 ERROR Internal Server Error: /dashboard/
Traceback (most recent call last):
  File "/Library/Frameworks/Python.framework/Versions/3.14/lib/python3.14/site-packages/django/core/handlers/exception.py", line 55, in inner
    response = get_response(request)
  File "/Library/Frameworks/Python.framework/Versions/3.14/lib/python3.14/site-packages/django/core/handlers/base.py", line 197, in _get_response
    response = wrapped_callback(request, *callback_args, **callback_kwargs)
  File "/Library/Frameworks/Python.framework/Versions/3.14/lib/python3.14/site-packages/django/contrib/auth/decorators.py", line 23, in _wrapper_view
    return view_func(request, *args, **kwargs)
  File "/Users/punith/Downloads/ocnwvs/pos/views.py", line 67, in inner
    return view_fn(request, *args, **kwargs)
  File "/Users/punith/Downloads/ocnwvs/pos/views.py", line 188, in dashboard
    urgent_credits = CreditRecord.objects.filter(is_paid=False, due_date__lte=target_date)
                                                                              ^^^^^^^^^^^
NameError: name 'target_date' is not defined
2026-03-29 21:36:34,572 ERROR "GET /dashboard/ HTTP/1.1" 500 78507
2026-03-29 22:50:38,323 ERROR Invalid HTTP_HOST header: 'testserver'. You may need to add 'testserver' to ALLOWED_HOSTS.
Traceback (most recent call last):
  File "/Library/Frameworks/Python.framework/Versions/3.14/lib/python3.14/site-packages/django/core/handlers/exception.py", line 55, in inner
    response = get_response(request)
  File "/Library/Frameworks/Python.framework/Versions/3.14/lib/python3.14/site-packages/django/utils/deprecation.py", line 133, in __call__
    response = self.process_request(request)
  File "/Library/Frameworks/Python.framework/Versions/3.14/lib/python3.14/site-packages/django/middleware/common.py", line 48, in process_request
    host = request.get_host()
  File "/Library/Frameworks/Python.framework/Versions/3.14/lib/python3.14/site-packages/django/http/request.py", line 150, in get_host
    raise DisallowedHost(msg)
django.core.exceptions.DisallowedHost: Invalid HTTP_HOST header: 'testserver'. You may need to add 'testserver' to ALLOWED_HOSTS.
2026-03-29 22:52:12,335 ERROR Invalid HTTP_HOST header: 'testserver'. You may need to add 'testserver' to ALLOWED_HOSTS.
Traceback (most recent call last):
  File "/Library/Frameworks/Python.framework/Versions/3.14/lib/python3.14/site-packages/django/core/handlers/exception.py", line 55, in inner
    response = get_response(request)
  File "/Library/Frameworks/Python.framework/Versions/3.14/lib/python3.14/site-packages/django/utils/deprecation.py", line 133, in __call__
    response = self.process_request(request)
  File "/Library/Frameworks/Python.framework/Versions/3.14/lib/python3.14/site-packages/django/middleware/common.py", line 48, in process_request
    host = request.get_host()
  File "/Library/Frameworks/Python.framework/Versions/3.14/lib/python3.14/site-packages/django/http/request.py", line 150, in get_host
    raise DisallowedHost(msg)
django.core.exceptions.DisallowedHost: Invalid HTTP_HOST header: 'testserver'. You may need to add 'testserver' to ALLOWED_HOSTS.
2026-03-29 22:58:36,837 ERROR Invalid HTTP_HOST header: 'testserver'. You may need to add 'testserver' to ALLOWED_HOSTS.
Traceback (most recent call last):
  File "/Library/Frameworks/Python.framework/Versions/3.14/lib/python3.14/site-packages/django/core/handlers/exception.py", line 55, in inner
    response = get_response(request)
  File "/Library/Frameworks/Python.framework/Versions/3.14/lib/python3.14/site-packages/django/utils/deprecation.py", line 133, in __call__
    response = self.process_request(request)
  File "/Library/Frameworks/Python.framework/Versions/3.14/lib/python3.14/site-packages/django/middleware/common.py", line 48, in process_request
    host = request.get_host()
  File "/Library/Frameworks/Python.framework/Versions/3.14/lib/python3.14/site-packages/django/http/request.py", line 150, in get_host
    raise DisallowedHost(msg)
django.core.exceptions.DisallowedHost: Invalid HTTP_HOST header: 'testserver'. You may need to add 'testserver' to ALLOWED_HOSTS.
2026-03-29 23:00:34,923 ERROR Invalid HTTP_HOST header: 'testserver'. You may need to add 'testserver' to ALLOWED_HOSTS.
Traceback (most recent call last):
  File "/Library/Frameworks/Python.framework/Versions/3.14/lib/python3.14/site-packages/django/core/handlers/exception.py", line 55, in inner
    response = get_response(request)
  File "/Library/Frameworks/Python.framework/Versions/3.14/lib/python3.14/site-packages/django/utils/deprecation.py", line 133, in __call__
    response = self.process_request(request)
  File "/Library/Frameworks/Python.framework/Versions/3.14/lib/python3.14/site-packages/django/middleware/common.py", line 48, in process_request
    host = request.get_host()
  File "/Library/Frameworks/Python.framework/Versions/3.14/lib/python3.14/site-packages/django/http/request.py", line 150, in get_host
    raise DisallowedHost(msg)
django.core.exceptions.DisallowedHost: Invalid HTTP_HOST header: 'testserver'. You may need to add 'testserver' to ALLOWED_HOSTS.
2026-03-29 23:00:34,936 ERROR Invalid HTTP_HOST header: 'testserver'. You may need to add 'testserver' to ALLOWED_HOSTS.
Traceback (most recent call last):
  File "/Library/Frameworks/Python.framework/Versions/3.14/lib/python3.14/site-packages/django/core/handlers/exception.py", line 55, in inner
    response = get_response(request)
  File "/Library/Frameworks/Python.framework/Versions/3.14/lib/python3.14/site-packages/django/utils/deprecation.py", line 133, in __call__
    response = self.process_request(request)
  File "/Library/Frameworks/Python.framework/Versions/3.14/lib/python3.14/site-packages/django/middleware/common.py", line 48, in process_request
    host = request.get_host()
  File "/Library/Frameworks/Python.framework/Versions/3.14/lib/python3.14/site-packages/django/http/request.py", line 150, in get_host
    raise DisallowedHost(msg)
django.core.exceptions.DisallowedHost: Invalid HTTP_HOST header: 'testserver'. You may need to add 'testserver' to ALLOWED_HOSTS.
2026-03-29 23:01:18,440 ERROR Invalid HTTP_HOST header: 'testserver'. You may need to add 'testserver' to ALLOWED_HOSTS.
Traceback (most recent call last):
  File "/Library/Frameworks/Python.framework/Versions/3.14/lib/python3.14/site-packages/django/core/handlers/exception.py", line 55, in inner
    response = get_response(request)
  File "/Library/Frameworks/Python.framework/Versions/3.14/lib/python3.14/site-packages/django/utils/deprecation.py", line 133, in __call__
    response = self.process_request(request)
  File "/Library/Frameworks/Python.framework/Versions/3.14/lib/python3.14/site-packages/django/middleware/common.py", line 48, in process_request
    host = request.get_host()
  File "/Library/Frameworks/Python.framework/Versions/3.14/lib/python3.14/site-packages/django/http/request.py", line 150, in get_host
    raise DisallowedHost(msg)
django.core.exceptions.DisallowedHost: Invalid HTTP_HOST header: 'testserver'. You may need to add 'testserver' to ALLOWED_HOSTS.
